<?xml version="1.0" encoding="UTF-8"?>
<!-- Generated by org.testng.reporters.JUnitXMLReporter -->
<testsuite hostname="Jukki-" name="Default test" tests="4" failures="0" timestamp="5 Jul 2015 17:18:53 GMT" time="27.227" errors="0">
  <testcase name="testEmptyGroupCreation" time="3.233" classname="com.example.tests.AlsoTestCreateGroup"/>
  <testcase name="testNonEmptyGroupCreation" time="3.691" classname="com.example.tests.TestCreateGroup"/>
  <testcase name="testAddUser" time="6.157" classname="com.example.tests.TestCreateUser"/>
  <testcase name="testAddUser" time="6.013" classname="com.example.tests.AlsoTestCreateUser"/>
</testsuite> <!-- Default test -->
