<?xml version="1.0" encoding="UTF-8"?>
<testng-results skipped="0" failed="0" total="4" passed="4">
  <reporter-output>
  </reporter-output>
  <suite name="Default suite" duration-ms="47378" started-at="2015-06-28T13:44:55Z" finished-at="2015-06-28T13:45:42Z">
    <groups>
    </groups>
    <test name="Default test" duration-ms="47378" started-at="2015-06-28T13:44:55Z" finished-at="2015-06-28T13:45:42Z">
      <class name="com.example.tests.AlsoTestCreateUser">
        <test-method status="PASS" signature="testAddUser()[pri:0, instance:com.example.tests.AlsoTestCreateUser@75412c2f]" name="testAddUser" duration-ms="5275" started-at="2015-06-28T16:45:37Z" finished-at="2015-06-28T16:45:42Z">
          <reporter-output>
          </reporter-output>
        </test-method> <!-- testAddUser -->
      </class> <!-- com.example.tests.AlsoTestCreateUser -->
      <class name="com.example.tests.AlsoTestCreateGroup">
        <test-method status="PASS" signature="testEmptyGroupCreation()[pri:0, instance:com.example.tests.AlsoTestCreateGroup@1c53fd30]" name="testEmptyGroupCreation" duration-ms="2392" started-at="2015-06-28T16:45:26Z" finished-at="2015-06-28T16:45:29Z">
          <reporter-output>
          </reporter-output>
        </test-method> <!-- testEmptyGroupCreation -->
      </class> <!-- com.example.tests.AlsoTestCreateGroup -->
      <class name="com.example.tests.TestCreateGroup">
        <test-method status="PASS" signature="testNonEmptyGroupCreation()[pri:0, instance:com.example.tests.TestCreateGroup@282ba1e]" name="testNonEmptyGroupCreation" duration-ms="2509" started-at="2015-06-28T16:45:34Z" finished-at="2015-06-28T16:45:37Z">
          <reporter-output>
          </reporter-output>
        </test-method> <!-- testNonEmptyGroupCreation -->
      </class> <!-- com.example.tests.TestCreateGroup -->
      <class name="com.example.tests.TestCreateUser">
        <test-method status="PASS" signature="setUp()[pri:0, instance:com.example.tests.TestCreateUser@17ed40e0]" name="setUp" is-config="true" duration-ms="31290" started-at="2015-06-28T16:44:55Z" finished-at="2015-06-28T16:45:26Z">
          <reporter-output>
          </reporter-output>
        </test-method> <!-- setUp -->
        <test-method status="PASS" signature="testAddUser()[pri:0, instance:com.example.tests.TestCreateUser@17ed40e0]" name="testAddUser" duration-ms="5678" started-at="2015-06-28T16:45:29Z" finished-at="2015-06-28T16:45:34Z">
          <reporter-output>
          </reporter-output>
        </test-method> <!-- testAddUser -->
        <test-method status="PASS" signature="tearDown()[pri:0, instance:com.example.tests.TestCreateUser@17ed40e0]" name="tearDown" is-config="true" duration-ms="219" started-at="2015-06-28T16:45:42Z" finished-at="2015-06-28T16:45:42Z">
          <reporter-output>
          </reporter-output>
        </test-method> <!-- tearDown -->
      </class> <!-- com.example.tests.TestCreateUser -->
    </test> <!-- Default test -->
  </suite> <!-- Default suite -->
</testng-results>
