<?xml version="1.0" encoding="UTF-8"?>
<testng-results skipped="0" failed="0" total="3" passed="3">
  <reporter-output>
  </reporter-output>
  <suite name="Default suite" duration-ms="122124" started-at="2015-07-23T02:45:15Z" finished-at="2015-07-23T02:47:17Z">
    <groups>
    </groups>
    <test name="Default test" duration-ms="122124" started-at="2015-07-23T02:45:15Z" finished-at="2015-07-23T02:47:17Z">
      <class name="com.example.tests.ContactModificationTests">
        <test-method status="PASS" signature="setUp()[pri:0, instance:com.example.tests.ContactModificationTests@769c9116]" name="setUp" is-config="true" duration-ms="6779" started-at="2015-07-23T05:45:15Z" finished-at="2015-07-23T05:45:21Z">
          <reporter-output>
          </reporter-output>
        </test-method> <!-- setUp -->
        <test-method status="PASS" signature="modifySomeContact(com.example.tests.UserData)[pri:0, instance:com.example.tests.ContactModificationTests@769c9116]" name="modifySomeContact" duration-ms="45815" started-at="2015-07-23T05:45:21Z" data-provider="randomValidContactGenerator" finished-at="2015-07-23T05:46:07Z">
          <params>
            <param index="0">
              <value>
                <![CDATA[UserData [firstName=âåêâ, lastName=ïïïï, email=test1912142584]]]>
              </value>
            </param>
          </params>
          <reporter-output>
          </reporter-output>
        </test-method> <!-- modifySomeContact -->
        <test-method status="PASS" signature="modifySomeContact(com.example.tests.UserData)[pri:0, instance:com.example.tests.ContactModificationTests@769c9116]" name="modifySomeContact" duration-ms="34744" started-at="2015-07-23T05:46:07Z" data-provider="randomValidContactGenerator" finished-at="2015-07-23T05:46:42Z">
          <params>
            <param index="0">
              <value>
                <![CDATA[UserData [firstName=âåêâ, lastName=ïïïï, email=Ô]]]>
              </value>
            </param>
          </params>
          <reporter-output>
          </reporter-output>
        </test-method> <!-- modifySomeContact -->
        <test-method status="PASS" signature="modifySomeContact(com.example.tests.UserData)[pri:0, instance:com.example.tests.ContactModificationTests@769c9116]" name="modifySomeContact" duration-ms="34556" started-at="2015-07-23T05:46:42Z" data-provider="randomValidContactGenerator" finished-at="2015-07-23T05:47:16Z">
          <params>
            <param index="0">
              <value>
                <![CDATA[UserData [firstName=âåêâ, lastName=ïïïï, email=test1878272444]]]>
              </value>
            </param>
          </params>
          <reporter-output>
          </reporter-output>
        </test-method> <!-- modifySomeContact -->
        <test-method status="PASS" signature="tearDown()[pri:0, instance:com.example.tests.ContactModificationTests@769c9116]" name="tearDown" is-config="true" duration-ms="220" started-at="2015-07-23T05:47:17Z" finished-at="2015-07-23T05:47:17Z">
          <reporter-output>
          </reporter-output>
        </test-method> <!-- tearDown -->
      </class> <!-- com.example.tests.ContactModificationTests -->
    </test> <!-- Default test -->
  </suite> <!-- Default suite -->
</testng-results>
